<?xml version="1.0" encoding="UTF-8"?>
<testng-results skipped="0" failed="0" ignored="0" total="1" passed="1">
  <reporter-output>
  </reporter-output>
  <suite name="Default suite" duration-ms="42" started-at="2022-03-10T09:54:16Z" finished-at="2022-03-10T09:54:16Z">
    <groups>
    </groups>
    <test name="Default test" duration-ms="42" started-at="2022-03-10T09:54:16Z" finished-at="2022-03-10T09:54:16Z">
      <class name="comCastGitDemo.createGitDemo">
        <test-method status="PASS" signature="gitDemo()[pri:0, instance:comCastGitDemo.createGitDemo@735b5592]" name="gitDemo" duration-ms="12" started-at="2022-03-10T09:54:16Z" finished-at="2022-03-10T09:54:16Z">
          <reporter-output>
          </reporter-output>
        </test-method> <!-- gitDemo -->
      </class> <!-- comCastGitDemo.createGitDemo -->
    </test> <!-- Default test -->
  </suite> <!-- Default suite -->
</testng-results>
